  [1m[36mSQL (3.0ms)[0m  [1m SELECT name
 FROM sqlite_master
 WHERE type = 'table' AND NOT name = 'sqlite_sequence'
[0m
  [1m[35mSQL (0.0ms)[0m  select sqlite_version(*)
  [1m[36mSQL (85.0ms)[0m  [1mCREATE TABLE "schema_migrations" ("version" varchar(255) NOT NULL) [0m
  [1m[35mSQL (0.0ms)[0m  PRAGMA index_list("schema_migrations")
  [1m[36mSQL (88.0ms)[0m  [1mCREATE UNIQUE INDEX "unique_schema_migrations" ON "schema_migrations" ("version")[0m
  [1m[35mSQL (0.0ms)[0m   SELECT name
 FROM sqlite_master
 WHERE type = 'table' AND NOT name = 'sqlite_sequence'
  [1m[36mSQL (1.0ms)[0m  [1m SELECT name
 FROM sqlite_master
 WHERE type = 'table' AND NOT name = 'sqlite_sequence'
[0m
  [1m[35mSQL (0.0ms)[0m  SELECT "schema_migrations"."version" FROM "schema_migrations"
Migrating to CreateUsers (20110930054136)
  [1m[36mSQL (3.0ms)[0m  [1mCREATE TABLE "users" ("id" INTEGER PRIMARY KEY AUTOINCREMENT NOT NULL, "name" varchar(255), "email" varchar(255), "created_at" datetime, "updated_at" datetime) [0m
  [1m[35mSQL (0.0ms)[0m  INSERT INTO "schema_migrations" ("version") VALUES ('20110930054136')
  [1m[36mSQL (0.0ms)[0m  [1m SELECT name
 FROM sqlite_master
 WHERE type = 'table' AND NOT name = 'sqlite_sequence'
[0m
  [1m[35mSQL (1.0ms)[0m  SELECT "schema_migrations"."version" FROM "schema_migrations"
  [1m[36mSQL (1.0ms)[0m  [1m SELECT name
 FROM sqlite_master
 WHERE type = 'table' AND NOT name = 'sqlite_sequence'
[0m
  [1m[35mSQL (0.0ms)[0m  PRAGMA index_list("users")
DEPRECATION WARNING: config.action_view.debug_rjs will be removed in 3.1, from 3.1 onwards you will need to install prototype-rails to continue to use RJS templates . (called from service at c:/RailsInstaller/Ruby1.8.7/lib/ruby/1.8/webrick/httpserver.rb:104)


Started GET "/user" for 127.0.0.1 at Fri Sep 30 11:35:58 +0530 2011

ActionController::RoutingError (No route matches "/user"):
  

Rendered c:/RailsInstaller/Ruby1.8.7/lib/ruby/gems/1.8/gems/actionpack-3.0.9/lib/action_dispatch/middleware/templates/rescues/routing_error.erb within rescues/layout (1.0ms)


Started GET "/users" for 127.0.0.1 at Fri Sep 30 11:36:09 +0530 2011
  Processing by UsersController#index as HTML
  [1m[36mUser Load (1.0ms)[0m  [1mSELECT "users".* FROM "users"[0m
Rendered users/index.html.erb within layouts/application (13.0ms)
Completed 200 OK in 359ms (Views: 37.0ms | ActiveRecord: 1.0ms)


Started GET "/users/new" for 127.0.0.1 at Fri Sep 30 11:37:44 +0530 2011
  Processing by UsersController#new as HTML
Rendered users/_form.html.erb (105.0ms)
Rendered users/new.html.erb within layouts/application (121.0ms)
Completed 200 OK in 157ms (Views: 146.0ms | ActiveRecord: 0.0ms)


Started POST "/users" for 127.0.0.1 at Fri Sep 30 11:38:05 +0530 2011
  Processing by UsersController#create as HTML
  Parameters: {"commit"=>"Create User", "authenticity_token"=>"wE6kMaLaF6ROmVXzTRd+/ondpLqEDauVI6ItvsFSvec=", "utf8"=>"✓", "user"=>{"name"=>"swathihk", "email"=>"hk.swathi@yahoo.com"}}
  [1m[35mSQL (0.0ms)[0m   SELECT name
 FROM sqlite_master
 WHERE type = 'table' AND NOT name = 'sqlite_sequence'
  [1m[36mAREL (2.0ms)[0m  [1mINSERT INTO "users" ("name", "created_at", "email", "updated_at") VALUES ('swathihk', '2011-09-30 06:08:05.225290', 'hk.swathi@yahoo.com', '2011-09-30 06:08:05.225290')[0m
Redirected to http://localhost:3000/users/1
Completed 302 Found in 215ms


Started GET "/users/1" for 127.0.0.1 at Fri Sep 30 11:38:05 +0530 2011
  Processing by UsersController#show as HTML
  Parameters: {"id"=>"1"}
  [1m[35mUser Load (0.0ms)[0m  SELECT "users".* FROM "users" WHERE "users"."id" = 1 LIMIT 1
Rendered users/show.html.erb within layouts/application (10.0ms)
Completed 200 OK in 51ms (Views: 35.0ms | ActiveRecord: 2.0ms)


Started GET "/users/1" for 127.0.0.1 at Fri Sep 30 11:39:06 +0530 2011
  Processing by UsersController#show as HTML
  Parameters: {"id"=>"1"}
  [1m[36mUser Load (1.0ms)[0m  [1mSELECT "users".* FROM "users" WHERE "users"."id" = 1 LIMIT 1[0m
Rendered users/show.html.erb within layouts/application (10.0ms)
Completed 200 OK in 42ms (Views: 32.0ms | ActiveRecord: 1.0ms)


Started GET "/users" for 127.0.0.1 at Fri Sep 30 11:39:58 +0530 2011
  Processing by UsersController#index as HTML
  [1m[35mUser Load (1.0ms)[0m  SELECT "users".* FROM "users"
Rendered users/index.html.erb within layouts/application (13.0ms)
Completed 200 OK in 45ms (Views: 35.0ms | ActiveRecord: 1.0ms)


Started GET "/users/new" for 127.0.0.1 at Fri Sep 30 11:40:00 +0530 2011
  Processing by UsersController#new as HTML
Rendered users/_form.html.erb (13.0ms)
Rendered users/new.html.erb within layouts/application (27.0ms)
Completed 200 OK in 67ms (Views: 53.0ms | ActiveRecord: 0.0ms)


Started GET "/users/1/edit" for 127.0.0.1 at Fri Sep 30 11:41:02 +0530 2011
  Processing by UsersController#edit as HTML
  Parameters: {"id"=>"1"}
  [1m[36mUser Load (1.0ms)[0m  [1mSELECT "users".* FROM "users" WHERE "users"."id" = 1 LIMIT 1[0m
Rendered users/_form.html.erb (19.0ms)
Rendered users/edit.html.erb within layouts/application (39.0ms)
Completed 200 OK in 100ms (Views: 83.0ms | ActiveRecord: 1.0ms)


Started POST "/users/1" for 127.0.0.1 at Fri Sep 30 11:41:15 +0530 2011
  Processing by UsersController#update as HTML
  Parameters: {"commit"=>"Update User", "authenticity_token"=>"wE6kMaLaF6ROmVXzTRd+/ondpLqEDauVI6ItvsFSvec=", "utf8"=>"✓", "id"=>"1", "user"=>{"name"=>"sswathihk", "email"=>"hk.swathi@yahoo.com"}}
  [1m[35mUser Load (1.0ms)[0m  SELECT "users".* FROM "users" WHERE "users"."id" = 1 LIMIT 1
  [1m[36mAREL (1.0ms)[0m  [1mUPDATE "users" SET "updated_at" = '2011-09-30 06:11:15.273161', "name" = 'sswathihk' WHERE "users"."id" = 1[0m
Redirected to http://localhost:3000/users/1
Completed 302 Found in 164ms


Started GET "/users/1" for 127.0.0.1 at Fri Sep 30 11:41:15 +0530 2011
  Processing by UsersController#show as HTML
  Parameters: {"id"=>"1"}
  [1m[35mUser Load (0.0ms)[0m  SELECT "users".* FROM "users" WHERE "users"."id" = 1 LIMIT 1
Rendered users/show.html.erb within layouts/application (14.0ms)
Completed 200 OK in 50ms (Views: 38.0ms | ActiveRecord: 2.0ms)


Started GET "/users/1" for 127.0.0.1 at Fri Sep 30 11:41:21 +0530 2011
  Processing by UsersController#show as HTML
  Parameters: {"id"=>"1"}
  [1m[36mUser Load (1.0ms)[0m  [1mSELECT "users".* FROM "users" WHERE "users"."id" = 1 LIMIT 1[0m
Rendered users/show.html.erb within layouts/application (12.0ms)
Completed 200 OK in 52ms (Views: 36.0ms | ActiveRecord: 1.0ms)


Started GET "/users" for 127.0.0.1 at Fri Sep 30 11:42:17 +0530 2011
  Processing by UsersController#index as HTML
  [1m[35mUser Load (1.0ms)[0m  SELECT "users".* FROM "users"
Rendered users/index.html.erb within layouts/application (13.0ms)
Completed 200 OK in 44ms (Views: 34.0ms | ActiveRecord: 1.0ms)


Started GET "/users/new" for 127.0.0.1 at Fri Sep 30 11:42:19 +0530 2011
  Processing by UsersController#new as HTML
Rendered users/_form.html.erb (12.0ms)
Rendered users/new.html.erb within layouts/application (25.0ms)
Completed 200 OK in 66ms (Views: 52.0ms | ActiveRecord: 0.0ms)


Started POST "/users" for 127.0.0.1 at Fri Sep 30 11:42:31 +0530 2011
  Processing by UsersController#create as HTML
  Parameters: {"commit"=>"Create User", "authenticity_token"=>"wE6kMaLaF6ROmVXzTRd+/ondpLqEDauVI6ItvsFSvec=", "utf8"=>"✓", "user"=>{"name"=>"ggh", "email"=>"ghgjh"}}
  [1m[36mAREL (1.0ms)[0m  [1mINSERT INTO "users" ("name", "email", "created_at", "updated_at") VALUES ('ggh', 'ghgjh', '2011-09-30 06:12:31.421516', '2011-09-30 06:12:31.421516')[0m
Redirected to http://localhost:3000/users/2
Completed 302 Found in 189ms


Started GET "/users/2" for 127.0.0.1 at Fri Sep 30 11:42:31 +0530 2011
  Processing by UsersController#show as HTML
  Parameters: {"id"=>"2"}
  [1m[35mUser Load (1.0ms)[0m  SELECT "users".* FROM "users" WHERE "users"."id" = 2 LIMIT 1
Rendered users/show.html.erb within layouts/application (12.0ms)
Completed 200 OK in 48ms (Views: 35.0ms | ActiveRecord: 1.0ms)


Started GET "/users" for 127.0.0.1 at Fri Sep 30 11:42:35 +0530 2011
  Processing by UsersController#index as HTML
  [1m[36mUser Load (1.0ms)[0m  [1mSELECT "users".* FROM "users"[0m
Rendered users/index.html.erb within layouts/application (20.0ms)
Completed 200 OK in 57ms (Views: 45.0ms | ActiveRecord: 2.0ms)


Started POST "/users/2" for 127.0.0.1 at Fri Sep 30 11:42:40 +0530 2011
  Processing by UsersController#destroy as HTML
  Parameters: {"authenticity_token"=>"wE6kMaLaF6ROmVXzTRd+/ondpLqEDauVI6ItvsFSvec=", "id"=>"2"}
  [1m[35mUser Load (0.0ms)[0m  SELECT "users".* FROM "users" WHERE "users"."id" = 2 LIMIT 1
  [1m[36mAREL (1.0ms)[0m  [1mDELETE FROM "users" WHERE "users"."id" = 2[0m
Redirected to http://localhost:3000/users
Completed 302 Found in 142ms


Started GET "/users" for 127.0.0.1 at Fri Sep 30 11:42:40 +0530 2011
  Processing by UsersController#index as HTML
  [1m[35mUser Load (0.0ms)[0m  SELECT "users".* FROM "users"
Rendered users/index.html.erb within layouts/application (13.0ms)
Completed 200 OK in 50ms (Views: 40.0ms | ActiveRecord: 0.0ms)


Started GET "/users/new" for 127.0.0.1 at Fri Sep 30 11:43:07 +0530 2011
  Processing by UsersController#new as HTML
Rendered users/_form.html.erb (12.0ms)
Rendered users/new.html.erb within layouts/application (26.0ms)
Completed 200 OK in 64ms (Views: 54.0ms | ActiveRecord: 1.0ms)


Started POST "/users" for 127.0.0.1 at Fri Sep 30 11:43:22 +0530 2011
  Processing by UsersController#create as HTML
  Parameters: {"commit"=>"Create User", "authenticity_token"=>"wE6kMaLaF6ROmVXzTRd+/ondpLqEDauVI6ItvsFSvec=", "utf8"=>"✓", "user"=>{"name"=>"vinuthna g", "email"=>"gadde_vinni@yahoo.co.in"}}
  [1m[36mAREL (2.0ms)[0m  [1mINSERT INTO "users" ("email", "updated_at", "created_at", "name") VALUES ('gadde_vinni@yahoo.co.in', '2011-09-30 06:13:23.047469', '2011-09-30 06:13:23.047469', 'vinuthna g')[0m
Redirected to http://localhost:3000/users/3
Completed 302 Found in 153ms


Started GET "/users/3" for 127.0.0.1 at Fri Sep 30 11:43:23 +0530 2011
  Processing by UsersController#show as HTML
  Parameters: {"id"=>"3"}
  [1m[35mUser Load (1.0ms)[0m  SELECT "users".* FROM "users" WHERE "users"."id" = 3 LIMIT 1
Rendered users/show.html.erb within layouts/application (11.0ms)
Completed 200 OK in 47ms (Views: 33.0ms | ActiveRecord: 1.0ms)


Started GET "/users" for 127.0.0.1 at Fri Sep 30 11:43:48 +0530 2011
  Processing by UsersController#index as HTML
  [1m[36mUser Load (1.0ms)[0m  [1mSELECT "users".* FROM "users"[0m
Rendered users/index.html.erb within layouts/application (17.0ms)
Completed 200 OK in 53ms (Views: 42.0ms | ActiveRecord: 3.0ms)


Started GET "/users/new" for 127.0.0.1 at Fri Sep 30 11:43:51 +0530 2011
  Processing by UsersController#new as HTML
Rendered users/_form.html.erb (12.0ms)
Rendered users/new.html.erb within layouts/application (24.0ms)
Completed 200 OK in 58ms (Views: 48.0ms | ActiveRecord: 0.0ms)


Started POST "/users" for 127.0.0.1 at Fri Sep 30 11:44:23 +0530 2011
  Processing by UsersController#create as HTML
  Parameters: {"commit"=>"Create User", "authenticity_token"=>"wE6kMaLaF6ROmVXzTRd+/ondpLqEDauVI6ItvsFSvec=", "utf8"=>"✓", "user"=>{"name"=>"murugan", "email"=>"murugan2012@gmail.com"}}
  [1m[35mAREL (1.0ms)[0m  INSERT INTO "users" ("email", "created_at", "updated_at", "name") VALUES ('murugan2012@gmail.com', '2011-09-30 06:14:23.926951', '2011-09-30 06:14:23.926951', 'murugan')
Redirected to http://localhost:3000/users/4
Completed 302 Found in 143ms


Started GET "/users/4" for 127.0.0.1 at Fri Sep 30 11:44:24 +0530 2011
  Processing by UsersController#show as HTML
  Parameters: {"id"=>"4"}
  [1m[36mUser Load (0.0ms)[0m  [1mSELECT "users".* FROM "users" WHERE "users"."id" = 4 LIMIT 1[0m
Rendered users/show.html.erb within layouts/application (12.0ms)
Completed 200 OK in 50ms (Views: 40.0ms | ActiveRecord: 1.0ms)


Started GET "/users" for 127.0.0.1 at Fri Sep 30 11:44:55 +0530 2011
  Processing by UsersController#index as HTML
  [1m[35mUser Load (1.0ms)[0m  SELECT "users".* FROM "users"
Rendered users/index.html.erb within layouts/application (16.0ms)
Completed 200 OK in 48ms (Views: 38.0ms | ActiveRecord: 1.0ms)


Started GET "/users/new" for 127.0.0.1 at Fri Sep 30 11:44:57 +0530 2011
  Processing by UsersController#new as HTML
Rendered users/_form.html.erb (13.0ms)
Rendered users/new.html.erb within layouts/application (26.0ms)
Completed 200 OK in 63ms (Views: 50.0ms | ActiveRecord: 0.0ms)


Started POST "/users" for 127.0.0.1 at Fri Sep 30 11:45:19 +0530 2011
  Processing by UsersController#create as HTML
  Parameters: {"commit"=>"Create User", "authenticity_token"=>"wE6kMaLaF6ROmVXzTRd+/ondpLqEDauVI6ItvsFSvec=", "utf8"=>"✓", "user"=>{"name"=>"example", "email"=>"demo@example.com"}}
  [1m[36mAREL (1.0ms)[0m  [1mINSERT INTO "users" ("created_at", "email", "name", "updated_at") VALUES ('2011-09-30 06:15:19.572134', 'demo@example.com', 'example', '2011-09-30 06:15:19.572134')[0m
Redirected to http://localhost:3000/users/5
Completed 302 Found in 837ms


Started GET "/users/5" for 127.0.0.1 at Fri Sep 30 11:45:20 +0530 2011
  Processing by UsersController#show as HTML
  Parameters: {"id"=>"5"}
  [1m[35mUser Load (0.0ms)[0m  SELECT "users".* FROM "users" WHERE "users"."id" = 5 LIMIT 1
Rendered users/show.html.erb within layouts/application (11.0ms)
Completed 200 OK in 74ms (Views: 52.0ms | ActiveRecord: 0.0ms)


Started GET "/users/" for 127.0.0.1 at Fri Sep 30 11:59:15 +0530 2011

ArgumentError (missing :action):
  config/routes.rb:53
  config/routes.rb:1

Rendered c:/RailsInstaller/Ruby1.8.7/lib/ruby/gems/1.8/gems/actionpack-3.0.9/lib/action_dispatch/middleware/templates/rescues/_trace.erb (2.0ms)
Rendered c:/RailsInstaller/Ruby1.8.7/lib/ruby/gems/1.8/gems/actionpack-3.0.9/lib/action_dispatch/middleware/templates/rescues/_request_and_response.erb (2.0ms)
Rendered c:/RailsInstaller/Ruby1.8.7/lib/ruby/gems/1.8/gems/actionpack-3.0.9/lib/action_dispatch/middleware/templates/rescues/diagnostics.erb within rescues/layout (71.0ms)
DEPRECATION WARNING: config.action_view.debug_rjs will be removed in 3.1, from 3.1 onwards you will need to install prototype-rails to continue to use RJS templates . (called from service at c:/RailsInstaller/Ruby1.8.7/lib/ruby/1.8/webrick/httpserver.rb:104)
  [1m[36mSQL (0.0ms)[0m  [1m SELECT name
 FROM sqlite_master
 WHERE type = 'table' AND NOT name = 'sqlite_sequence'
[0m
  [1m[35mSQL (1.0ms)[0m   SELECT name
 FROM sqlite_master
 WHERE type = 'table' AND NOT name = 'sqlite_sequence'
  [1m[36mSQL (0.0ms)[0m  [1mSELECT "schema_migrations"."version" FROM "schema_migrations"[0m
Migrating to CreateUsers (20110930054136)
Migrating to CreateMicroposts (20110930072749)
  [1m[35mSQL (0.0ms)[0m  select sqlite_version(*)
  [1m[36mSQL (34.0ms)[0m  [1mCREATE TABLE "microposts" ("id" INTEGER PRIMARY KEY AUTOINCREMENT NOT NULL, "content" varchar(255), "user_id" integer, "created_at" datetime, "updated_at" datetime) [0m
  [1m[35mSQL (0.0ms)[0m  INSERT INTO "schema_migrations" ("version") VALUES ('20110930072749')
  [1m[36mSQL (1.0ms)[0m  [1m SELECT name
 FROM sqlite_master
 WHERE type = 'table' AND NOT name = 'sqlite_sequence'
[0m
  [1m[35mSQL (0.0ms)[0m  SELECT "schema_migrations"."version" FROM "schema_migrations"
  [1m[36mSQL (1.0ms)[0m  [1m SELECT name
 FROM sqlite_master
 WHERE type = 'table' AND NOT name = 'sqlite_sequence'
[0m
  [1m[35mSQL (0.0ms)[0m  PRAGMA index_list("microposts")
  [1m[36mSQL (0.0ms)[0m  [1mPRAGMA index_list("users")[0m
  [1m[36mSQL (5.0ms)[0m  [1m SELECT name
 FROM sqlite_master
 WHERE type = 'table' AND NOT name = 'sqlite_sequence'
[0m
  [1m[35mSQL (0.0ms)[0m   SELECT name
 FROM sqlite_master
 WHERE type = 'table' AND NOT name = 'sqlite_sequence'
  [1m[36mSQL (0.0ms)[0m  [1mSELECT "schema_migrations"."version" FROM "schema_migrations"[0m
  [1m[35mSQL (0.0ms)[0m   SELECT name
 FROM sqlite_master
 WHERE type = 'table' AND NOT name = 'sqlite_sequence'
  [1m[36mSQL (0.0ms)[0m  [1mSELECT "schema_migrations"."version" FROM "schema_migrations"[0m
Migrating to CreateMicroposts (20110930072749)
  [1m[35mSQL (0.0ms)[0m  select sqlite_version(*)
  [1m[36mSQL (80.0ms)[0m  [1mDROP TABLE "microposts"[0m
  [1m[35mAREL (5.0ms)[0m  DELETE FROM "schema_migrations" WHERE "schema_migrations"."version" = '20110930072749'
  [1m[36mSQL (0.0ms)[0m  [1m SELECT name
 FROM sqlite_master
 WHERE type = 'table' AND NOT name = 'sqlite_sequence'
[0m
  [1m[35mSQL (0.0ms)[0m  SELECT "schema_migrations"."version" FROM "schema_migrations"
  [1m[36mSQL (0.0ms)[0m  [1m SELECT name
 FROM sqlite_master
 WHERE type = 'table' AND NOT name = 'sqlite_sequence'
[0m
  [1m[35mSQL (0.0ms)[0m  PRAGMA index_list("users")
  [1m[36mSQL (1.0ms)[0m  [1m SELECT name
 FROM sqlite_master
 WHERE type = 'table' AND NOT name = 'sqlite_sequence'
[0m
  [1m[35mSQL (0.0ms)[0m   SELECT name
 FROM sqlite_master
 WHERE type = 'table' AND NOT name = 'sqlite_sequence'
  [1m[36mSQL (0.0ms)[0m  [1mSELECT "schema_migrations"."version" FROM "schema_migrations"[0m
Migrating to CreateUsers (20110930054136)
Migrating to CreateMicroposts (20110930120435)
  [1m[35mSQL (1.0ms)[0m  select sqlite_version(*)
  [1m[36mSQL (1.0ms)[0m  [1mCREATE TABLE "microposts" ("id" INTEGER PRIMARY KEY AUTOINCREMENT NOT NULL, "content" varchar(255), "user_id" integer, "created_at" datetime, "updated_at" datetime) [0m
  [1m[35mSQL (0.0ms)[0m  INSERT INTO "schema_migrations" ("version") VALUES ('20110930120435')
  [1m[36mSQL (1.0ms)[0m  [1m SELECT name
 FROM sqlite_master
 WHERE type = 'table' AND NOT name = 'sqlite_sequence'
[0m
  [1m[35mSQL (1.0ms)[0m  SELECT "schema_migrations"."version" FROM "schema_migrations"
  [1m[36mSQL (0.0ms)[0m  [1m SELECT name
 FROM sqlite_master
 WHERE type = 'table' AND NOT name = 'sqlite_sequence'
[0m
  [1m[35mSQL (0.0ms)[0m  PRAGMA index_list("microposts")
  [1m[36mSQL (0.0ms)[0m  [1mPRAGMA index_list("users")[0m
DEPRECATION WARNING: config.action_view.debug_rjs will be removed in 3.1, from 3.1 onwards you will need to install prototype-rails to continue to use RJS templates . (called from service at c:/RailsInstaller/Ruby1.8.7/lib/ruby/1.8/webrick/httpserver.rb:104)


Started GET "/users" for 127.0.0.1 at Fri Sep 30 17:38:58 +0530 2011
  Processing by UsersController#index as HTML
  [1m[36mUser Load (1.0ms)[0m  [1mSELECT "users".* FROM "users"[0m
Rendered users/index.html.erb within layouts/application (19.0ms)
Completed 200 OK in 271ms (Views: 45.0ms | ActiveRecord: 1.0ms)


Started GET "/microposts" for 127.0.0.1 at Fri Sep 30 17:39:16 +0530 2011
  Processing by MicropostsController#index as HTML
  [1m[35mMicropost Load (0.0ms)[0m  SELECT "microposts".* FROM "microposts"
Rendered microposts/index.html.erb within layouts/application (5.0ms)
Completed 200 OK in 37ms (Views: 27.0ms | ActiveRecord: 0.0ms)


Started GET "/microposts/new" for 127.0.0.1 at Fri Sep 30 17:40:23 +0530 2011
  Processing by MicropostsController#new as HTML
Rendered microposts/_form.html.erb (108.0ms)
Rendered microposts/new.html.erb within layouts/application (119.0ms)
Completed 200 OK in 155ms (Views: 145.0ms | ActiveRecord: 0.0ms)


Started POST "/microposts" for 127.0.0.1 at Fri Sep 30 17:40:44 +0530 2011
  Processing by MicropostsController#create as HTML
  Parameters: {"commit"=>"Create Micropost", "micropost"=>{"user_id"=>"1", "content"=>"goog girl "}, "authenticity_token"=>"3LQkZuLNk5cy1Ob7+oidjW4oGXNM3q8pJSu2Kn6pFQQ=", "utf8"=>"✓"}
  [1m[36mSQL (0.0ms)[0m  [1m SELECT name
 FROM sqlite_master
 WHERE type = 'table' AND NOT name = 'sqlite_sequence'
[0m
  [1m[35mAREL (1.0ms)[0m  INSERT INTO "microposts" ("user_id", "content", "created_at", "updated_at") VALUES (1, 'goog girl ', '2011-09-30 12:10:44.524128', '2011-09-30 12:10:44.524128')
Redirected to http://localhost:3000/microposts/1
Completed 302 Found in 187ms


Started GET "/microposts/1" for 127.0.0.1 at Fri Sep 30 17:40:44 +0530 2011
  Processing by MicropostsController#show as HTML
  Parameters: {"id"=>"1"}
  [1m[36mMicropost Load (0.0ms)[0m  [1mSELECT "microposts".* FROM "microposts" WHERE "microposts"."id" = 1 LIMIT 1[0m
Rendered microposts/show.html.erb within layouts/application (11.0ms)
Completed 200 OK in 48ms (Views: 36.0ms | ActiveRecord: 1.0ms)


Started GET "/microposts" for 127.0.0.1 at Fri Sep 30 17:40:46 +0530 2011
  Processing by MicropostsController#index as HTML
  [1m[35mMicropost Load (1.0ms)[0m  SELECT "microposts".* FROM "microposts"
Rendered microposts/index.html.erb within layouts/application (69.0ms)
Completed 200 OK in 105ms (Views: 93.0ms | ActiveRecord: 1.0ms)


Started GET "/microposts/new" for 127.0.0.1 at Fri Sep 30 17:40:49 +0530 2011
  Processing by MicropostsController#new as HTML
Rendered microposts/_form.html.erb (12.0ms)
Rendered microposts/new.html.erb within layouts/application (25.0ms)
Completed 200 OK in 62ms (Views: 52.0ms | ActiveRecord: 0.0ms)


Started POST "/microposts" for 127.0.0.1 at Fri Sep 30 17:40:57 +0530 2011
  Processing by MicropostsController#create as HTML
  Parameters: {"commit"=>"Create Micropost", "micropost"=>{"user_id"=>"2", "content"=>"intelligent"}, "authenticity_token"=>"3LQkZuLNk5cy1Ob7+oidjW4oGXNM3q8pJSu2Kn6pFQQ=", "utf8"=>"✓"}
  [1m[36mAREL (1.0ms)[0m  [1mINSERT INTO "microposts" ("user_id", "updated_at", "content", "created_at") VALUES (2, '2011-09-30 12:10:57.680881', 'intelligent', '2011-09-30 12:10:57.680881')[0m
Redirected to http://localhost:3000/microposts/2
Completed 302 Found in 138ms


Started GET "/microposts/2" for 127.0.0.1 at Fri Sep 30 17:40:57 +0530 2011
  Processing by MicropostsController#show as HTML
  Parameters: {"id"=>"2"}
  [1m[35mMicropost Load (0.0ms)[0m  SELECT "microposts".* FROM "microposts" WHERE "microposts"."id" = 2 LIMIT 1
Rendered microposts/show.html.erb within layouts/application (64.0ms)
Completed 200 OK in 103ms (Views: 88.0ms | ActiveRecord: 0.0ms)


Started POST "/microposts" for 127.0.0.1 at Fri Sep 30 17:40:58 +0530 2011
  Processing by MicropostsController#create as HTML
  Parameters: {"commit"=>"Create Micropost", "micropost"=>{"user_id"=>"2", "content"=>"intelligent"}, "authenticity_token"=>"3LQkZuLNk5cy1Ob7+oidjW4oGXNM3q8pJSu2Kn6pFQQ=", "utf8"=>"✓"}
  [1m[36mAREL (1.0ms)[0m  [1mINSERT INTO "microposts" ("content", "updated_at", "user_id", "created_at") VALUES ('intelligent', '2011-09-30 12:10:58.078904', 2, '2011-09-30 12:10:58.078904')[0m
Redirected to http://localhost:3000/microposts/3
Completed 302 Found in 122ms


Started GET "/microposts/3" for 127.0.0.1 at Fri Sep 30 17:40:58 +0530 2011
  Processing by MicropostsController#show as HTML
  Parameters: {"id"=>"3"}
  [1m[35mMicropost Load (1.0ms)[0m  SELECT "microposts".* FROM "microposts" WHERE "microposts"."id" = 3 LIMIT 1
Rendered microposts/show.html.erb within layouts/application (17.0ms)
Completed 200 OK in 61ms (Views: 42.0ms | ActiveRecord: 3.0ms)


Started GET "/microposts" for 127.0.0.1 at Fri Sep 30 17:40:59 +0530 2011
  Processing by MicropostsController#index as HTML
  [1m[36mMicropost Load (1.0ms)[0m  [1mSELECT "microposts".* FROM "microposts"[0m
Rendered microposts/index.html.erb within layouts/application (27.0ms)
Completed 200 OK in 65ms (Views: 51.0ms | ActiveRecord: 1.0ms)


Started GET "/microposts/3/edit" for 127.0.0.1 at Fri Sep 30 17:41:06 +0530 2011
  Processing by MicropostsController#edit as HTML
  Parameters: {"id"=>"3"}
  [1m[35mMicropost Load (0.0ms)[0m  SELECT "microposts".* FROM "microposts" WHERE "microposts"."id" = 3 LIMIT 1
Rendered microposts/_form.html.erb (16.0ms)
Rendered microposts/edit.html.erb within layouts/application (31.0ms)
Completed 200 OK in 71ms (Views: 57.0ms | ActiveRecord: 0.0ms)


Started GET "/microposts" for 127.0.0.1 at Fri Sep 30 17:41:12 +0530 2011
  Processing by MicropostsController#index as HTML
  [1m[36mMicropost Load (1.0ms)[0m  [1mSELECT "microposts".* FROM "microposts"[0m
Rendered microposts/index.html.erb within layouts/application (23.0ms)
Completed 200 OK in 64ms (Views: 51.0ms | ActiveRecord: 1.0ms)


Started GET "/microposts/3/edit" for 127.0.0.1 at Fri Sep 30 17:41:15 +0530 2011
  Processing by MicropostsController#edit as HTML
  Parameters: {"id"=>"3"}
  [1m[35mMicropost Load (0.0ms)[0m  SELECT "microposts".* FROM "microposts" WHERE "microposts"."id" = 3 LIMIT 1
Rendered microposts/_form.html.erb (23.0ms)
Rendered microposts/edit.html.erb within layouts/application (91.0ms)
Completed 200 OK in 136ms (Views: 122.0ms | ActiveRecord: 0.0ms)


Started POST "/microposts/3" for 127.0.0.1 at Fri Sep 30 17:41:18 +0530 2011
  Processing by MicropostsController#update as HTML
  Parameters: {"commit"=>"Update Micropost", "micropost"=>{"user_id"=>"2", "content"=>"intelligent"}, "authenticity_token"=>"3LQkZuLNk5cy1Ob7+oidjW4oGXNM3q8pJSu2Kn6pFQQ=", "utf8"=>"✓", "id"=>"3"}
  [1m[36mMicropost Load (0.0ms)[0m  [1mSELECT "microposts".* FROM "microposts" WHERE "microposts"."id" = 3 LIMIT 1[0m
Redirected to http://localhost:3000/microposts/3
Completed 302 Found in 28ms


Started GET "/microposts/3" for 127.0.0.1 at Fri Sep 30 17:41:18 +0530 2011
  Processing by MicropostsController#show as HTML
  Parameters: {"id"=>"3"}
  [1m[35mMicropost Load (0.0ms)[0m  SELECT "microposts".* FROM "microposts" WHERE "microposts"."id" = 3 LIMIT 1
Rendered microposts/show.html.erb within layouts/application (16.0ms)
Completed 200 OK in 58ms (Views: 44.0ms | ActiveRecord: 0.0ms)


Started GET "/microposts" for 127.0.0.1 at Fri Sep 30 17:41:21 +0530 2011
  Processing by MicropostsController#index as HTML
  [1m[36mMicropost Load (1.0ms)[0m  [1mSELECT "microposts".* FROM "microposts"[0m
Rendered microposts/index.html.erb within layouts/application (25.0ms)
Completed 200 OK in 65ms (Views: 52.0ms | ActiveRecord: 1.0ms)


Started GET "/microposts/3/edit" for 127.0.0.1 at Fri Sep 30 17:41:23 +0530 2011
  Processing by MicropostsController#edit as HTML
  Parameters: {"id"=>"3"}
  [1m[35mMicropost Load (0.0ms)[0m  SELECT "microposts".* FROM "microposts" WHERE "microposts"."id" = 3 LIMIT 1
Rendered microposts/_form.html.erb (15.0ms)
Rendered microposts/edit.html.erb within layouts/application (30.0ms)
Completed 200 OK in 71ms (Views: 57.0ms | ActiveRecord: 0.0ms)


Started POST "/microposts/3" for 127.0.0.1 at Fri Sep 30 17:41:32 +0530 2011
  Processing by MicropostsController#update as HTML
  Parameters: {"commit"=>"Update Micropost", "micropost"=>{"user_id"=>"2", "content"=>"intellig"}, "authenticity_token"=>"3LQkZuLNk5cy1Ob7+oidjW4oGXNM3q8pJSu2Kn6pFQQ=", "utf8"=>"✓", "id"=>"3"}
  [1m[36mMicropost Load (0.0ms)[0m  [1mSELECT "microposts".* FROM "microposts" WHERE "microposts"."id" = 3 LIMIT 1[0m
  [1m[35mAREL (1.0ms)[0m  UPDATE "microposts" SET "updated_at" = '2011-09-30 12:11:32.314862', "content" = 'intellig' WHERE "microposts"."id" = 3
Redirected to http://localhost:3000/microposts/3
Completed 302 Found in 155ms


Started GET "/microposts/3" for 127.0.0.1 at Fri Sep 30 17:41:32 +0530 2011
  Processing by MicropostsController#show as HTML
  Parameters: {"id"=>"3"}
  [1m[36mMicropost Load (0.0ms)[0m  [1mSELECT "microposts".* FROM "microposts" WHERE "microposts"."id" = 3 LIMIT 1[0m
Rendered microposts/show.html.erb within layouts/application (14.0ms)
Completed 200 OK in 54ms (Views: 38.0ms | ActiveRecord: 0.0ms)


Started GET "/microposts/new" for 127.0.0.1 at Fri Sep 30 17:41:34 +0530 2011
  Processing by MicropostsController#new as HTML
Rendered microposts/_form.html.erb (13.0ms)
Rendered microposts/new.html.erb within layouts/application (24.0ms)
Completed 200 OK in 54ms (Views: 46.0ms | ActiveRecord: 0.0ms)


Started GET "/microposts/" for 127.0.0.1 at Fri Sep 30 17:41:46 +0530 2011
  Processing by MicropostsController#index as HTML
  [1m[35mMicropost Load (1.0ms)[0m  SELECT "microposts".* FROM "microposts"
Rendered microposts/index.html.erb within layouts/application (17.0ms)
Completed 200 OK in 49ms (Views: 39.0ms | ActiveRecord: 1.0ms)


Started GET "/microposts/new" for 127.0.0.1 at Fri Sep 30 17:41:49 +0530 2011
  Processing by MicropostsController#new as HTML
Rendered microposts/_form.html.erb (13.0ms)
Rendered microposts/new.html.erb within layouts/application (25.0ms)
Completed 200 OK in 61ms (Views: 51.0ms | ActiveRecord: 0.0ms)


Started GET "/microposts" for 127.0.0.1 at Fri Sep 30 17:42:00 +0530 2011
  Processing by MicropostsController#index as HTML
  [1m[36mMicropost Load (1.0ms)[0m  [1mSELECT "microposts".* FROM "microposts"[0m
Rendered microposts/index.html.erb within layouts/application (20.0ms)
Completed 200 OK in 57ms (Views: 45.0ms | ActiveRecord: 1.0ms)


Started GET "/microposts/new" for 127.0.0.1 at Fri Sep 30 17:42:05 +0530 2011
  Processing by MicropostsController#new as HTML
Rendered microposts/_form.html.erb (12.0ms)
Rendered microposts/new.html.erb within layouts/application (25.0ms)
Completed 200 OK in 61ms (Views: 51.0ms | ActiveRecord: 0.0ms)


Started POST "/microposts" for 127.0.0.1 at Fri Sep 30 17:42:16 +0530 2011
  Processing by MicropostsController#create as HTML
  Parameters: {"commit"=>"Create Micropost", "micropost"=>{"user_id"=>"3", "content"=>"eins"}, "authenticity_token"=>"3LQkZuLNk5cy1Ob7+oidjW4oGXNM3q8pJSu2Kn6pFQQ=", "utf8"=>"✓"}
  [1m[35mAREL (1.0ms)[0m  INSERT INTO "microposts" ("content", "updated_at", "user_id", "created_at") VALUES ('eins', '2011-09-30 12:12:16.663399', 3, '2011-09-30 12:12:16.663399')
Redirected to http://localhost:3000/microposts/4
Completed 302 Found in 115ms


Started GET "/microposts/4" for 127.0.0.1 at Fri Sep 30 17:42:16 +0530 2011
  Processing by MicropostsController#show as HTML
  Parameters: {"id"=>"4"}
  [1m[36mMicropost Load (0.0ms)[0m  [1mSELECT "microposts".* FROM "microposts" WHERE "microposts"."id" = 4 LIMIT 1[0m
Rendered microposts/show.html.erb within layouts/application (12.0ms)
Completed 200 OK in 48ms (Views: 36.0ms | ActiveRecord: 0.0ms)


Started GET "/microposts" for 127.0.0.1 at Fri Sep 30 17:42:18 +0530 2011
  Processing by MicropostsController#index as HTML
  [1m[35mMicropost Load (1.0ms)[0m  SELECT "microposts".* FROM "microposts"
Rendered microposts/index.html.erb within layouts/application (23.0ms)
Completed 200 OK in 112ms (Views: 47.0ms | ActiveRecord: 2.0ms)


Started GET "/microposts/4" for 127.0.0.1 at Fri Sep 30 17:44:07 +0530 2011
  Processing by MicropostsController#show as HTML
  Parameters: {"id"=>"4"}
  [1m[36mMicropost Load (1.0ms)[0m  [1mSELECT "microposts".* FROM "microposts" WHERE "microposts"."id" = 4 LIMIT 1[0m
Rendered microposts/show.html.erb within layouts/application (10.0ms)
Completed 200 OK in 42ms (Views: 33.0ms | ActiveRecord: 1.0ms)


Started GET "/microposts" for 127.0.0.1 at Fri Sep 30 17:44:09 +0530 2011
  Processing by MicropostsController#index as HTML
  [1m[35mMicropost Load (1.0ms)[0m  SELECT "microposts".* FROM "microposts"
Rendered microposts/index.html.erb within layouts/application (27.0ms)
Completed 200 OK in 64ms (Views: 52.0ms | ActiveRecord: 1.0ms)


Started GET "/microposts/new" for 127.0.0.1 at Fri Sep 30 17:44:10 +0530 2011
  Processing by MicropostsController#new as HTML
Rendered microposts/_form.html.erb (15.0ms)
Rendered microposts/new.html.erb within layouts/application (29.0ms)
Completed 200 OK in 65ms (Views: 56.0ms | ActiveRecord: 0.0ms)


Started POST "/microposts" for 127.0.0.1 at Fri Sep 30 17:44:19 +0530 2011
  Processing by MicropostsController#create as HTML
  Parameters: {"commit"=>"Create Micropost", "micropost"=>{"user_id"=>"1", "content"=>"bad"}, "authenticity_token"=>"3LQkZuLNk5cy1Ob7+oidjW4oGXNM3q8pJSu2Kn6pFQQ=", "utf8"=>"✓"}
  [1m[36mAREL (1.0ms)[0m  [1mINSERT INTO "microposts" ("created_at", "content", "updated_at", "user_id") VALUES ('2011-09-30 12:14:19.640432', 'bad', '2011-09-30 12:14:19.640432', 1)[0m
Redirected to http://localhost:3000/microposts/5
Completed 302 Found in 137ms


Started GET "/microposts/5" for 127.0.0.1 at Fri Sep 30 17:44:19 +0530 2011
  Processing by MicropostsController#show as HTML
  Parameters: {"id"=>"5"}
  [1m[35mMicropost Load (0.0ms)[0m  SELECT "microposts".* FROM "microposts" WHERE "microposts"."id" = 5 LIMIT 1
Rendered microposts/show.html.erb within layouts/application (11.0ms)
Completed 200 OK in 48ms (Views: 36.0ms | ActiveRecord: 0.0ms)


Started POST "/microposts" for 127.0.0.1 at Fri Sep 30 17:44:26 +0530 2011
  Processing by MicropostsController#create as HTML
  Parameters: {"commit"=>"Create Micropost", "micropost"=>{"user_id"=>"3", "content"=>"bad"}, "authenticity_token"=>"3LQkZuLNk5cy1Ob7+oidjW4oGXNM3q8pJSu2Kn6pFQQ=", "utf8"=>"✓"}
  [1m[36mAREL (1.0ms)[0m  [1mINSERT INTO "microposts" ("updated_at", "user_id", "content", "created_at") VALUES ('2011-09-30 12:14:26.627832', 3, 'bad', '2011-09-30 12:14:26.627832')[0m
Redirected to http://localhost:3000/microposts/6
Completed 302 Found in 172ms


Started GET "/microposts/6" for 127.0.0.1 at Fri Sep 30 17:44:26 +0530 2011
  Processing by MicropostsController#show as HTML
  Parameters: {"id"=>"6"}
  [1m[35mMicropost Load (0.0ms)[0m  SELECT "microposts".* FROM "microposts" WHERE "microposts"."id" = 6 LIMIT 1
Rendered microposts/show.html.erb within layouts/application (12.0ms)
Completed 200 OK in 49ms (Views: 36.0ms | ActiveRecord: 0.0ms)


Started GET "/microposts" for 127.0.0.1 at Fri Sep 30 17:44:29 +0530 2011
  Processing by MicropostsController#index as HTML
  [1m[36mMicropost Load (1.0ms)[0m  [1mSELECT "microposts".* FROM "microposts"[0m
Rendered microposts/index.html.erb within layouts/application (28.0ms)
Completed 200 OK in 63ms (Views: 53.0ms | ActiveRecord: 3.0ms)


Started GET "/microposts/new" for 127.0.0.1 at Fri Sep 30 17:44:32 +0530 2011
  Processing by MicropostsController#new as HTML
Rendered microposts/_form.html.erb (12.0ms)
Rendered microposts/new.html.erb within layouts/application (25.0ms)
Completed 200 OK in 61ms (Views: 52.0ms | ActiveRecord: 0.0ms)


Started POST "/microposts" for 127.0.0.1 at Fri Sep 30 17:44:42 +0530 2011
  Processing by MicropostsController#create as HTML
  Parameters: {"commit"=>"Create Micropost", "micropost"=>{"user_id"=>"2", "content"=>"good'"}, "authenticity_token"=>"3LQkZuLNk5cy1Ob7+oidjW4oGXNM3q8pJSu2Kn6pFQQ=", "utf8"=>"✓"}
  [1m[35mAREL (1.0ms)[0m  INSERT INTO "microposts" ("created_at", "content", "user_id", "updated_at") VALUES ('2011-09-30 12:14:42.241725', 'good''', 2, '2011-09-30 12:14:42.241725')
Redirected to http://localhost:3000/microposts/7
Completed 302 Found in 186ms


Started GET "/microposts/7" for 127.0.0.1 at Fri Sep 30 17:44:42 +0530 2011
  Processing by MicropostsController#show as HTML
  Parameters: {"id"=>"7"}
  [1m[36mMicropost Load (1.0ms)[0m  [1mSELECT "microposts".* FROM "microposts" WHERE "microposts"."id" = 7 LIMIT 1[0m
Rendered microposts/show.html.erb within layouts/application (11.0ms)
Completed 200 OK in 52ms (Views: 38.0ms | ActiveRecord: 1.0ms)


Started GET "/users" for 127.0.0.1 at Fri Sep 30 18:01:38 +0530 2011
  Processing by UsersController#index as HTML
  [1m[35mUser Load (2.0ms)[0m  SELECT "users".* FROM "users"
Rendered users/index.html.erb within layouts/application (40.0ms)
Completed 200 OK in 258ms (Views: 88.0ms | ActiveRecord: 2.0ms)


Started GET "/microposts" for 127.0.0.1 at Fri Sep 30 18:01:51 +0530 2011
  Processing by MicropostsController#index as HTML
Completed 500 Internal Server Error in 46ms

SyntaxError (d:/git_project/demo_app/app/models/micropost.rb:2: syntax error, unexpected ':', expecting kEND
belongs_to : user
            ^):
  app/controllers/microposts_controller.rb:5:in `index'

Rendered c:/RailsInstaller/Ruby1.8.7/lib/ruby/gems/1.8/gems/actionpack-3.0.9/lib/action_dispatch/middleware/templates/rescues/_trace.erb (3.0ms)
Rendered c:/RailsInstaller/Ruby1.8.7/lib/ruby/gems/1.8/gems/actionpack-3.0.9/lib/action_dispatch/middleware/templates/rescues/_request_and_response.erb (12.0ms)
Rendered c:/RailsInstaller/Ruby1.8.7/lib/ruby/gems/1.8/gems/actionpack-3.0.9/lib/action_dispatch/middleware/templates/rescues/diagnostics.erb within rescues/layout (72.0ms)


Started GET "/micropost" for 127.0.0.1 at Fri Sep 30 18:01:55 +0530 2011

ActionController::RoutingError (No route matches "/micropost"):
  

Rendered c:/RailsInstaller/Ruby1.8.7/lib/ruby/gems/1.8/gems/actionpack-3.0.9/lib/action_dispatch/middleware/templates/rescues/routing_error.erb within rescues/layout (2.0ms)


Started GET "/microposts" for 127.0.0.1 at Fri Sep 30 18:02:01 +0530 2011
  Processing by MicropostsController#index as HTML
Completed 500 Internal Server Error in 7ms

SyntaxError (d:/git_project/demo_app/app/models/micropost.rb:2: syntax error, unexpected ':', expecting kEND
belongs_to : user
            ^):
  app/controllers/microposts_controller.rb:5:in `index'

Rendered c:/RailsInstaller/Ruby1.8.7/lib/ruby/gems/1.8/gems/actionpack-3.0.9/lib/action_dispatch/middleware/templates/rescues/_trace.erb (2.0ms)
Rendered c:/RailsInstaller/Ruby1.8.7/lib/ruby/gems/1.8/gems/actionpack-3.0.9/lib/action_dispatch/middleware/templates/rescues/_request_and_response.erb (6.0ms)
Rendered c:/RailsInstaller/Ruby1.8.7/lib/ruby/gems/1.8/gems/actionpack-3.0.9/lib/action_dispatch/middleware/templates/rescues/diagnostics.erb within rescues/layout (31.0ms)


Started GET "/microposts" for 127.0.0.1 at Fri Sep 30 18:02:35 +0530 2011
  Processing by MicropostsController#index as HTML
  [1m[36mMicropost Load (1.0ms)[0m  [1mSELECT "microposts".* FROM "microposts"[0m
Rendered microposts/index.html.erb within layouts/application (25.0ms)
Completed 200 OK in 143ms (Views: 67.0ms | ActiveRecord: 1.0ms)
  [1m[36mUser Load (1.0ms)[0m  [1mSELECT "users".* FROM "users"[0m
  [1m[35mMicropost Load (0.0ms)[0m  SELECT "microposts".* FROM "microposts"
  [1m[36mUser Load (0.0ms)[0m  [1mSELECT "users".* FROM "users" LIMIT 1[0m
  [1m[35mSQL (0.0ms)[0m   SELECT name
 FROM sqlite_master
 WHERE type = 'table' AND NOT name = 'sqlite_sequence'
  [1m[36mSQL (1.0ms)[0m  [1m SELECT name
 FROM sqlite_master
 WHERE type = 'table' AND NOT name = 'sqlite_sequence'
[0m
  [1m[35mUser Load (1.0ms)[0m  SELECT "users".* FROM "users" ORDER BY users.id DESC LIMIT 1
  [1m[36mUser Load (0.0ms)[0m  [1mSELECT "users".* FROM "users" LIMIT 1[0m
  [1m[35mSQL (0.0ms)[0m   SELECT name
 FROM sqlite_master
 WHERE type = 'table' AND NOT name = 'sqlite_sequence'
  [1m[36mMicropost Load (0.0ms)[0m  [1mSELECT "microposts".* FROM "microposts" WHERE ("microposts".user_id = 1)[0m
  [1m[35mSQL (0.0ms)[0m   SELECT name
 FROM sqlite_master
 WHERE type = 'table' AND NOT name = 'sqlite_sequence'
  [1m[36mUser Load (0.0ms)[0m  [1mSELECT "users".* FROM "users" WHERE "users"."id" = 2 LIMIT 1[0m
  [1m[35mUser Load (0.0ms)[0m  SELECT "users".* FROM "users" LIMIT 1
DEPRECATION WARNING: config.action_view.debug_rjs will be removed in 3.1, from 3.1 onwards you will need to install prototype-rails to continue to use RJS templates . (called from service at c:/RailsInstaller/Ruby1.8.7/lib/ruby/1.8/webrick/httpserver.rb:104)


Started GET "/microposts/1/edit" for 127.0.0.1 at Fri Sep 30 18:16:19 +0530 2011
  Processing by MicropostsController#edit as HTML
  Parameters: {"id"=>"1"}
  [1m[36mSQL (1.0ms)[0m  [1m SELECT name
 FROM sqlite_master
 WHERE type = 'table' AND NOT name = 'sqlite_sequence'
[0m
  [1m[35mMicropost Load (0.0ms)[0m  SELECT "microposts".* FROM "microposts" WHERE "microposts"."id" = 1 LIMIT 1
Rendered microposts/_form.html.erb (18.0ms)
Rendered microposts/edit.html.erb within layouts/application (30.0ms)
Completed 200 OK in 235ms (Views: 54.0ms | ActiveRecord: 1.0ms)


Started GET "/microposts" for 127.0.0.1 at Fri Sep 30 18:16:30 +0530 2011
  Processing by MicropostsController#index as HTML
  [1m[36mMicropost Load (1.0ms)[0m  [1mSELECT "microposts".* FROM "microposts"[0m
Rendered microposts/index.html.erb within layouts/application (37.0ms)
Completed 200 OK in 77ms (Views: 60.0ms | ActiveRecord: 1.0ms)


Started GET "/microposts/1/edit" for 127.0.0.1 at Fri Sep 30 18:16:32 +0530 2011
  Processing by MicropostsController#edit as HTML
  Parameters: {"id"=>"1"}
  [1m[35mMicropost Load (1.0ms)[0m  SELECT "microposts".* FROM "microposts" WHERE "microposts"."id" = 1 LIMIT 1
Rendered microposts/_form.html.erb (13.0ms)
Rendered microposts/edit.html.erb within layouts/application (26.0ms)
Completed 200 OK in 117ms (Views: 50.0ms | ActiveRecord: 1.0ms)


Started POST "/microposts/1" for 127.0.0.1 at Fri Sep 30 18:16:38 +0530 2011
  Processing by MicropostsController#update as HTML
  Parameters: {"commit"=>"Update Micropost", "micropost"=>{"user_id"=>"2", "content"=>"goog girl "}, "authenticity_token"=>"3LQkZuLNk5cy1Ob7+oidjW4oGXNM3q8pJSu2Kn6pFQQ=", "utf8"=>"✓", "id"=>"1"}
  [1m[36mMicropost Load (0.0ms)[0m  [1mSELECT "microposts".* FROM "microposts" WHERE "microposts"."id" = 1 LIMIT 1[0m
  [1m[35mAREL (2.0ms)[0m  UPDATE "microposts" SET "updated_at" = '2011-09-30 12:46:38.925353', "user_id" = 2 WHERE "microposts"."id" = 1
Redirected to http://localhost:3000/microposts/1
Completed 302 Found in 184ms


Started GET "/microposts/1" for 127.0.0.1 at Fri Sep 30 18:16:39 +0530 2011
  Processing by MicropostsController#show as HTML
  Parameters: {"id"=>"1"}
  [1m[36mMicropost Load (0.0ms)[0m  [1mSELECT "microposts".* FROM "microposts" WHERE "microposts"."id" = 1 LIMIT 1[0m
Rendered microposts/show.html.erb within layouts/application (14.0ms)
Completed 200 OK in 58ms (Views: 40.0ms | ActiveRecord: 0.0ms)


Started GET "/users" for 127.0.0.1 at Fri Sep 30 18:16:49 +0530 2011
  Processing by UsersController#index as HTML
  [1m[35mUser Load (0.0ms)[0m  SELECT "users".* FROM "users"
Rendered users/index.html.erb within layouts/application (24.0ms)
Completed 200 OK in 97ms (Views: 46.0ms | ActiveRecord: 2.0ms)


Started GET "/users/1/edit" for 127.0.0.1 at Fri Sep 30 18:16:58 +0530 2011
  Processing by UsersController#edit as HTML
  Parameters: {"id"=>"1"}
  [1m[36mUser Load (1.0ms)[0m  [1mSELECT "users".* FROM "users" WHERE "users"."id" = 1 LIMIT 1[0m
Rendered users/_form.html.erb (13.0ms)
Rendered users/edit.html.erb within layouts/application (27.0ms)
Completed 200 OK in 68ms (Views: 51.0ms | ActiveRecord: 1.0ms)


Started GET "/micropost" for 127.0.0.1 at Fri Sep 30 18:17:44 +0530 2011

ActionController::RoutingError (No route matches "/micropost"):
  

Rendered c:/RailsInstaller/Ruby1.8.7/lib/ruby/gems/1.8/gems/actionpack-3.0.9/lib/action_dispatch/middleware/templates/rescues/routing_error.erb within rescues/layout (1.0ms)


Started GET "/microposts" for 127.0.0.1 at Fri Sep 30 18:17:49 +0530 2011
  Processing by MicropostsController#index as HTML
  [1m[35mMicropost Load (1.0ms)[0m  SELECT "microposts".* FROM "microposts"
Rendered microposts/index.html.erb within layouts/application (26.0ms)
Completed 200 OK in 62ms (Views: 49.0ms | ActiveRecord: 1.0ms)


Started GET "/microposts/3/edit" for 127.0.0.1 at Fri Sep 30 18:17:53 +0530 2011
  Processing by MicropostsController#edit as HTML
  Parameters: {"id"=>"3"}
  [1m[36mMicropost Load (1.0ms)[0m  [1mSELECT "microposts".* FROM "microposts" WHERE "microposts"."id" = 3 LIMIT 1[0m
Rendered microposts/_form.html.erb (13.0ms)
Rendered microposts/edit.html.erb within layouts/application (27.0ms)
Completed 200 OK in 70ms (Views: 51.0ms | ActiveRecord: 1.0ms)


Started POST "/microposts/3" for 127.0.0.1 at Fri Sep 30 18:17:59 +0530 2011
  Processing by MicropostsController#update as HTML
  Parameters: {"commit"=>"Update Micropost", "micropost"=>{"user_id"=>"1", "content"=>"intellig"}, "authenticity_token"=>"3LQkZuLNk5cy1Ob7+oidjW4oGXNM3q8pJSu2Kn6pFQQ=", "utf8"=>"✓", "id"=>"3"}
  [1m[35mMicropost Load (1.0ms)[0m  SELECT "microposts".* FROM "microposts" WHERE "microposts"."id" = 3 LIMIT 1
  [1m[36mAREL (1.0ms)[0m  [1mUPDATE "microposts" SET "user_id" = 1, "updated_at" = '2011-09-30 12:47:59.169943' WHERE "microposts"."id" = 3[0m
Redirected to http://localhost:3000/microposts/3
Completed 302 Found in 141ms


Started GET "/microposts/3" for 127.0.0.1 at Fri Sep 30 18:17:59 +0530 2011
  Processing by MicropostsController#show as HTML
  Parameters: {"id"=>"3"}
  [1m[35mMicropost Load (0.0ms)[0m  SELECT "microposts".* FROM "microposts" WHERE "microposts"."id" = 3 LIMIT 1
Rendered microposts/show.html.erb within layouts/application (17.0ms)
Completed 200 OK in 85ms (Views: 60.0ms | ActiveRecord: 0.0ms)


Started GET "/microposts" for 127.0.0.1 at Fri Sep 30 18:18:02 +0530 2011
  Processing by MicropostsController#index as HTML
  [1m[36mMicropost Load (0.0ms)[0m  [1mSELECT "microposts".* FROM "microposts"[0m
Rendered microposts/index.html.erb within layouts/application (29.0ms)
Completed 200 OK in 69ms (Views: 56.0ms | ActiveRecord: 2.0ms)


Started GET "/microposts/4/edit" for 127.0.0.1 at Fri Sep 30 18:18:04 +0530 2011
  Processing by MicropostsController#edit as HTML
  Parameters: {"id"=>"4"}
  [1m[35mMicropost Load (1.0ms)[0m  SELECT "microposts".* FROM "microposts" WHERE "microposts"."id" = 4 LIMIT 1
Rendered microposts/_form.html.erb (13.0ms)
Rendered microposts/edit.html.erb within layouts/application (26.0ms)
Completed 200 OK in 67ms (Views: 51.0ms | ActiveRecord: 1.0ms)


Started POST "/microposts/4" for 127.0.0.1 at Fri Sep 30 18:18:10 +0530 2011
  Processing by MicropostsController#update as HTML
  Parameters: {"commit"=>"Update Micropost", "micropost"=>{"user_id"=>"2", "content"=>"eins"}, "authenticity_token"=>"3LQkZuLNk5cy1Ob7+oidjW4oGXNM3q8pJSu2Kn6pFQQ=", "utf8"=>"✓", "id"=>"4"}
  [1m[36mMicropost Load (0.0ms)[0m  [1mSELECT "microposts".* FROM "microposts" WHERE "microposts"."id" = 4 LIMIT 1[0m
  [1m[35mAREL (1.0ms)[0m  UPDATE "microposts" SET "updated_at" = '2011-09-30 12:48:10.093568', "user_id" = 2 WHERE "microposts"."id" = 4
Redirected to http://localhost:3000/microposts/4
Completed 302 Found in 137ms


Started GET "/microposts/4" for 127.0.0.1 at Fri Sep 30 18:18:10 +0530 2011
  Processing by MicropostsController#show as HTML
  Parameters: {"id"=>"4"}
  [1m[36mMicropost Load (1.0ms)[0m  [1mSELECT "microposts".* FROM "microposts" WHERE "microposts"."id" = 4 LIMIT 1[0m
Rendered microposts/show.html.erb within layouts/application (12.0ms)
Completed 200 OK in 51ms (Views: 36.0ms | ActiveRecord: 1.0ms)


Started GET "/microposts" for 127.0.0.1 at Fri Sep 30 18:18:14 +0530 2011
  Processing by MicropostsController#index as HTML
  [1m[35mMicropost Load (1.0ms)[0m  SELECT "microposts".* FROM "microposts"
Rendered microposts/index.html.erb within layouts/application (31.0ms)
Completed 200 OK in 70ms (Views: 54.0ms | ActiveRecord: 2.0ms)
  [1m[36mSQL (2.0ms)[0m  [1m SELECT name
 FROM sqlite_master
 WHERE type = 'table' AND NOT name = 'sqlite_sequence'
[0m
  [1m[35mUser Load (1.0ms)[0m  SELECT "users".* FROM "users" WHERE "users"."id" = 1 LIMIT 1
  [1m[36mUser Load (0.0ms)[0m  [1mSELECT "users".* FROM "users" ORDER BY users.id DESC LIMIT 1[0m
  [1m[36mMicropost Load (1.0ms)[0m  [1mSELECT "microposts".* FROM "microposts" LIMIT 1[0m
  [1m[35mSQL (0.0ms)[0m   SELECT name
 FROM sqlite_master
 WHERE type = 'table' AND NOT name = 'sqlite_sequence'
  [1m[36mUser Load (1.0ms)[0m  [1mSELECT "users".* FROM "users" WHERE "users"."id" = 2 LIMIT 1[0m
  [1m[35mMicropost Load (0.0ms)[0m  SELECT "microposts".* FROM "microposts" ORDER BY microposts.id DESC LIMIT 1
  [1m[36mUser Load (0.0ms)[0m  [1mSELECT "users".* FROM "users" WHERE "users"."id" = 2 LIMIT 1[0m
  [1m[35mMicropost Load (0.0ms)[0m  SELECT "microposts".* FROM "microposts" ORDER BY microposts.id DESC LIMIT 1
  [1m[36mUser Load (0.0ms)[0m  [1mSELECT "users".* FROM "users" WHERE "users"."id" = 2 LIMIT 1[0m
  [1m[35mMicropost Load (0.0ms)[0m  SELECT "microposts".* FROM "microposts" WHERE "microposts"."id" = 2 LIMIT 1
  [1m[36mUser Load (0.0ms)[0m  [1mSELECT "users".* FROM "users" WHERE "users"."id" = 2 LIMIT 1[0m
  [1m[35mUser Load (1.0ms)[0m  SELECT "users".* FROM "users" WHERE "users"."id" = 2 LIMIT 1
DEPRECATION WARNING: config.action_view.debug_rjs will be removed in 3.1, from 3.1 onwards you will need to install prototype-rails to continue to use RJS templates . (called from service at c:/RailsInstaller/Ruby1.8.7/lib/ruby/1.8/webrick/httpserver.rb:104)


Started GET "/user" for 127.0.0.1 at Sat Oct 01 14:05:27 +0530 2011

ActionController::RoutingError (No route matches "/user"):
  

Rendered c:/RailsInstaller/Ruby1.8.7/lib/ruby/gems/1.8/gems/actionpack-3.0.9/lib/action_dispatch/middleware/templates/rescues/routing_error.erb within rescues/layout (1.0ms)


Started GET "/users" for 127.0.0.1 at Sat Oct 01 14:05:38 +0530 2011
  Processing by UsersController#index as HTML
  [1m[36mUser Load (1.0ms)[0m  [1mSELECT "users".* FROM "users"[0m
Rendered users/index.html.erb within layouts/application (36.0ms)
Completed 200 OK in 278ms (Views: 103.0ms | ActiveRecord: 1.0ms)


Started GET "/microposts" for 127.0.0.1 at Sat Oct 01 14:05:49 +0530 2011
  Processing by MicropostsController#index as HTML
  [1m[35mMicropost Load (1.0ms)[0m  SELECT "microposts".* FROM "microposts"
Rendered microposts/index.html.erb within layouts/application (27.0ms)
Completed 200 OK in 74ms (Views: 54.0ms | ActiveRecord: 1.0ms)
  [1m[36mMicropost Load (1.0ms)[0m  [1mSELECT "microposts".* FROM "microposts" LIMIT 1[0m
  [1m[35mSQL (1.0ms)[0m   SELECT name
 FROM sqlite_master
 WHERE type = 'table' AND NOT name = 'sqlite_sequence'
  [1m[36mUser Load (0.0ms)[0m  [1mSELECT "users".* FROM "users" WHERE "users"."id" = 2 LIMIT 1[0m
  [1m[35mUser Load (1.0ms)[0m  SELECT "users".* FROM "users" LIMIT 1
  [1m[36mSQL (0.0ms)[0m  [1m SELECT name
 FROM sqlite_master
 WHERE type = 'table' AND NOT name = 'sqlite_sequence'
[0m
  [1m[35mMicropost Load (0.0ms)[0m  SELECT "microposts".* FROM "microposts" WHERE ("microposts".user_id = 1)
  [1m[36mMicropost Load (0.0ms)[0m  [1mSELECT "microposts".* FROM "microposts" LIMIT 1[0m
  [1m[35mMicropost Load (0.0ms)[0m  SELECT "microposts".* FROM "microposts" LIMIT 1
  [1m[36mUser Load (1.0ms)[0m  [1mSELECT "users".* FROM "users" WHERE "users"."id" = 2 LIMIT 1[0m
  [1m[35mUser Load (1.0ms)[0m  SELECT "users".* FROM "users" WHERE "users"."id" = 2 LIMIT 1
  [1m[36mUser Load (0.0ms)[0m  [1mSELECT "users".* FROM "users" WHERE "users"."id" = 2 LIMIT 1[0m
  [1m[35mUser Load (0.0ms)[0m  SELECT "users".* FROM "users" WHERE "users"."id" = 2 LIMIT 1
  [1m[36mMicropost Load (1.0ms)[0m  [1mSELECT "microposts".* FROM "microposts" LIMIT 1[0m
  [1m[35mUser Load (1.0ms)[0m  SELECT "users".* FROM "users" WHERE "users"."id" = 2 LIMIT 1
  [1m[36mUser Load (1.0ms)[0m  [1mSELECT "users".* FROM "users" WHERE "users"."id" = 2 LIMIT 1[0m
  [1m[35mUser Load (1.0ms)[0m  SELECT "users".* FROM "users" WHERE "users"."id" = 2 LIMIT 1
  [1m[36mUser Load (1.0ms)[0m  [1mSELECT "users".* FROM "users" WHERE "users"."id" = 2 LIMIT 1[0m
  [1m[35mUser Load (1.0ms)[0m  SELECT "users".* FROM "users" WHERE "users"."id" = 2 LIMIT 1
  [1m[36mUser Load (0.0ms)[0m  [1mSELECT "users".* FROM "users" WHERE "users"."id" = 2 LIMIT 1[0m
  [1m[35mUser Load (0.0ms)[0m  SELECT "users".* FROM "users" LIMIT 1
  [1m[36mMicropost Load (1.0ms)[0m  [1mSELECT "microposts".* FROM "microposts" WHERE ("microposts".user_id = 1)[0m
  [1m[35mMicropost Load (0.0ms)[0m  SELECT "microposts".* FROM "microposts" LIMIT 1
  [1m[36mUser Load (0.0ms)[0m  [1mSELECT "users".* FROM "users" WHERE "users"."id" = 2 LIMIT 1[0m
  [1m[35mMicropost Load (1.0ms)[0m  SELECT "microposts".* FROM "microposts" LIMIT 1
  [1m[36mUser Load (0.0ms)[0m  [1mSELECT "users".* FROM "users" WHERE "users"."id" = 2 LIMIT 1[0m
  [1m[35mMicropost Load (0.0ms)[0m  SELECT "microposts".* FROM "microposts" WHERE "microposts"."id" = 2 LIMIT 1
  [1m[36mUser Load (1.0ms)[0m  [1mSELECT "users".* FROM "users" WHERE "users"."id" = 2 LIMIT 1[0m
  [1m[35mUser Load (1.0ms)[0m  SELECT "users".* FROM "users" WHERE "users"."id" = 2 LIMIT 1
  [1m[36mUser Load (1.0ms)[0m  [1mSELECT "users".* FROM "users" WHERE "users"."id" = 2 LIMIT 1[0m
  [1m[35mUser Load (1.0ms)[0m  SELECT "users".* FROM "users" WHERE "users"."id" = 2 LIMIT 1
  [1m[36mMicropost Load (0.0ms)[0m  [1mSELECT "microposts".* FROM "microposts" LIMIT 1[0m
  [1m[35mUser Load (1.0ms)[0m  SELECT "users".* FROM "users" WHERE "users"."id" = 2 LIMIT 1
  [1m[36mUser Load (1.0ms)[0m  [1mSELECT "users".* FROM "users" WHERE "users"."id" = 2 LIMIT 1[0m
  [1m[35mUser Load (0.0ms)[0m  SELECT "users".* FROM "users" WHERE "users"."id" = 2 LIMIT 1
  [1m[36mMicropost Load (0.0ms)[0m  [1mSELECT "microposts".* FROM "microposts" LIMIT 1[0m
  [1m[35mUser Load (0.0ms)[0m  SELECT "users".* FROM "users" LIMIT 1
  [1m[36mMicropost Load (1.0ms)[0m  [1mSELECT "microposts".* FROM "microposts" LIMIT 1[0m
  [1m[35mMicropost Load (1.0ms)[0m  SELECT "microposts".* FROM "microposts" WHERE ("microposts".user_id = 1)
  [1m[36mSQL (1.0ms)[0m  [1m SELECT name
 FROM sqlite_master
 WHERE type = 'table' AND NOT name = 'sqlite_sequence'
[0m
  [1m[35mMicropost Load (1.0ms)[0m  SELECT "microposts".* FROM "microposts" WHERE "microposts"."id" = 3 LIMIT 1
  [1m[36mUser Load (1.0ms)[0m  [1mSELECT "users".* FROM "users" WHERE "users"."id" = 1 LIMIT 1[0m
  [1m[35mUser Load (0.0ms)[0m  SELECT "users".* FROM "users"
  [1m[36mMicropost Load (0.0ms)[0m  [1mSELECT "microposts".* FROM "microposts" LIMIT 1[0m
  [1m[35mUser Load (0.0ms)[0m  SELECT "users".* FROM "users" WHERE "users"."id" = 2 LIMIT 1
  [1m[36mUser Load (0.0ms)[0m  [1mSELECT "users".* FROM "users" WHERE "users"."id" = 3 LIMIT 1[0m
  [1m[35mMicropost Load (0.0ms)[0m  SELECT "microposts".* FROM "microposts" WHERE "microposts"."id" = 6 LIMIT 1
  [1m[36mUser Load (0.0ms)[0m  [1mSELECT "users".* FROM "users" WHERE "users"."id" = 3 LIMIT 1[0m
  [1m[35mUser Load (1.0ms)[0m  SELECT "users".* FROM "users"
  [1m[36mMicropost Load (1.0ms)[0m  [1mSELECT "microposts".* FROM "microposts"[0m
  [1m[35mUser Load (0.0ms)[0m  SELECT "users".* FROM "users" LIMIT 1
  [1m[36mMicropost Load (1.0ms)[0m  [1mSELECT "microposts".* FROM "microposts" WHERE "microposts"."id" = 5 LIMIT 1[0m
  [1m[35mUser Load (1.0ms)[0m  SELECT "users".* FROM "users" WHERE "users"."id" = 1 LIMIT 1
  [1m[36mMicropost Load (1.0ms)[0m  [1mSELECT "microposts".* FROM "microposts" WHERE "microposts"."id" = 3 LIMIT 1[0m
  [1m[35mUser Load (0.0ms)[0m  SELECT "users".* FROM "users" WHERE "users"."id" = 1 LIMIT 1
  [1m[36mMicropost Load (0.0ms)[0m  [1mSELECT "microposts".* FROM "microposts" WHERE "microposts"."id" = 5 LIMIT 1[0m
  [1m[35mUser Load (0.0ms)[0m  SELECT "users".* FROM "users" WHERE "users"."id" = 1 LIMIT 1
